<?xml version="1.0" encoding="UTF-8"?>
<!-- Generated by org.testng.reporters.JUnitReportReporter -->
<testsuite skipped="0" hostname="DESKTOP-T00S384" name="com.TestExecution.TestNGExecution" tests="2" failures="0" timestamp="2021-10-24T13:16:46 EDT" time="3.072" errors="0">
  <testcase name="getSignInButton" time="1.218" classname="com.TestExecution.TestNGExecution"/>
  <system-out/>
  <testcase name="getLogin" time="1.854" classname="com.TestExecution.TestNGExecution"/>
  <system-out/>
</testsuite> <!-- com.TestExecution.TestNGExecution -->
