<?xml version="1.0" encoding="UTF-8"?>
<!-- Generated by org.testng.reporters.JUnitReportReporter -->
<testsuite skipped="1" hostname="DESKTOP-T00S384" name="com.TestNG.TestSequence" tests="4" failures="0" timestamp="2021-10-31T12:08:11 EDT" time="0.010" errors="0">
  <testcase name="b" time="0.007" classname="com.TestNG.TestSequence"/>
  <system-out/>
  <testcase name="x" time="0.002" classname="com.TestNG.TestSequence"/>
  <system-out/>
  <testcase name="c" time="0.001" classname="com.TestNG.TestSequence"/>
  <system-out/>
  <testcase name="f" classname="com.TestNG.TestSequence">
    <skipped/>
  </testcase> <!-- f -->
  <system-out/>
</testsuite> <!-- com.TestNG.TestSequence -->
