<?xml version="1.0" encoding="UTF-8"?>
<!-- Generated by org.testng.reporters.JUnitReportReporter -->
<testsuite skipped="0" hostname="DESKTOP-T00S384" name="com.CucumberTestFramework.CucumberTestNGRunner" tests="1" failures="0" timestamp="2021-10-31T12:26:44 EDT" time="6.182" errors="0">
  <testcase name="runScenario" time="6.182" classname="com.CucumberTestFramework.CucumberTestNGRunner"/>
  <system-out/>
</testsuite> <!-- com.CucumberTestFramework.CucumberTestNGRunner -->
